[2026-07-11 21:49:21] GET / → 200 (821ms)
[2026-07-11 21:49:21] GET /rooms → 200 (138ms)
[2026-07-11 21:49:33] DELETE /rooms/1 → 200 (26ms)
[2026-07-11 21:49:33] GET /rooms → 200 (4ms)
[2026-07-11 21:50:27] POST /bookings → 201 (21ms)
[2026-07-11 21:50:42] GET /rooms/2/bookings → 200 (6ms)
[2026-07-11 21:50:46] GET /rooms/2/bookings → 200 (4ms)
[2026-07-11 21:50:48] GET /rooms/2/bookings → 200 (4ms)
[2026-07-11 21:50:51] GET /rooms/3/bookings → 200 (4ms)
[2026-07-11 21:50:54] GET /rooms/2/bookings → 200 (4ms)
[2026-07-11 21:51:43] GET /rooms/2/bookings → 200 (4ms)
[2026-07-11 21:52:15] POST /bookings → 409 (5ms)
[2026-07-11 21:52:23] POST /bookings → 409 (4ms)
[2026-07-11 21:54:26] GET / → 200 (299ms)
[2026-07-11 21:54:26] GET /rooms → 200 (44ms)
[2026-07-11 21:54:43] GET /rooms/2/bookings → 200 (10ms)
[2026-07-11 21:54:45] DELETE /bookings/5 → 200 (16ms)
[2026-07-11 21:54:45] GET /rooms/2/bookings → 200 (4ms)
[2026-07-11 21:54:49] GET /rooms/2/bookings → 200 (6ms)
[2026-07-11 21:54:54] DELETE /rooms/2 → 200 (14ms)
[2026-07-11 21:54:54] GET /rooms → 200 (3ms)
[2026-07-11 21:54:56] DELETE /rooms/3 → 200 (11ms)
[2026-07-11 21:54:56] GET /rooms → 200 (7ms)
[2026-07-11 21:57:54] GET / → 200 (241ms)
[2026-07-11 21:57:54] GET /rooms → 200 (56ms)
[2026-07-11 22:00:16] GET / → 200 (383ms)
[2026-07-11 22:00:17] GET /rooms → 200 (88ms)
[2026-07-11 22:01:02] GET / → 200 (463ms)
[2026-07-11 22:01:04] GET /rooms → 200 (165ms)
[2026-07-12 12:36:38] GET / → 200 (2493ms)
[2026-07-12 12:36:42] GET /rooms → 200 (322ms)
[2026-07-12 12:36:49] GET /rooms → 200 (70ms)
[2026-07-12 12:37:13] POST /rooms → 201 (40ms)
[2026-07-12 12:37:13] GET /rooms → 200 (13ms)
[2026-07-12 14:26:36] GET / → 200 (465ms)
[2026-07-12 14:26:37] GET /rooms → 200 (110ms)
[2026-07-12 14:33:05] POST /bookings → 201 (43ms)
[2026-07-12 14:33:08] GET /rooms/1/bookings → 200 (10ms)
[2026-07-12 15:47:41] POST /bookings → 409 (91ms)
[2026-07-12 16:02:17] DELETE /rooms/1 → 200 (195ms)
[2026-07-12 16:02:17] GET /rooms → 200 (21ms)
[2026-07-12 16:02:31] POST /rooms → 201 (40ms)
[2026-07-12 16:02:31] GET /rooms → 200 (7ms)
[2026-07-12 16:02:41] POST /bookings → 201 (14ms)
[2026-07-12 16:03:03] GET /rooms → 200 (3ms)
[2026-07-12 16:03:04] GET /rooms → 200 (4ms)
[2026-07-12 16:03:09] GET /rooms/1/bookings → 200 (7ms)
[2026-07-12 20:37:21] GET / → 200 (670ms)
[2026-07-12 20:37:21] GET /rooms → 200 (64ms)
[2026-07-12 20:37:42] GET /rooms/1/bookings → 200 (18ms)
[2026-07-12 20:40:33] POST /bookings → 409 (8ms)
[2026-07-12 20:41:56] POST /bookings → 409 (14ms)
[2026-07-12 21:11:21] GET /rooms → 200 (239ms)
[2026-07-12 21:11:49] DELETE /rooms/1 → 200 (24ms)
[2026-07-12 21:11:49] GET /rooms → 200 (3ms)
[2026-07-12 21:12:03] POST /rooms → 201 (19ms)
[2026-07-12 21:12:03] GET /rooms → 200 (7ms)
[2026-07-12 21:20:20] GET /rooms → 200 (610ms)
[2026-07-12 21:20:31] GET /rooms/1/bookings → 200 (17ms)
[2026-07-12 21:20:38] POST /rooms → 201 (19ms)
[2026-07-12 21:20:38] GET /rooms → 200 (4ms)
[2026-07-12 21:20:57] DELETE /rooms/2 → 200 (13ms)
[2026-07-12 21:20:57] GET /rooms → 200 (5ms)
[2026-07-12 21:22:57] GET /rooms → 200 (77ms)
[2026-07-12 21:23:01] DELETE /rooms/1 → 200 (17ms)
[2026-07-12 21:23:01] GET /rooms → 200 (5ms)
[2026-07-12 21:24:05] GET / → 200 (162ms)
[2026-07-12 21:24:06] GET /rooms → 200 (3ms)
[2026-07-12 21:24:06] GET /favicon.ico → 404 (1ms)
[2026-07-12 21:24:08] GET /rooms → 200 (4ms)
[2026-07-12 21:24:13] POST /rooms → 201 (12ms)
[2026-07-12 21:24:13] GET /rooms → 200 (3ms)
[2026-07-12 21:52:35] GET / → 200 (447ms)
[2026-07-12 21:52:36] GET /rooms → 200 (41ms)
[2026-07-12 21:52:41] GET / → 200 (2ms)
[2026-07-12 21:52:42] GET /rooms → 200 (5ms)
[2026-07-12 21:52:42] GET /favicon.ico → 404 (1ms)
[2026-07-12 21:52:55] GET /rooms → 200 (5ms)
[2026-07-12 21:52:55] GET /rooms/1/bookings → 200 (12ms)
[2026-07-12 21:53:03] POST /rooms → 201 (18ms)
[2026-07-12 21:53:03] GET /rooms → 200 (3ms)
[2026-07-12 21:53:05] GET /rooms → 200 (5ms)
[2026-07-12 21:53:05] GET /rooms/1/bookings → 200 (26ms)
[2026-07-12 21:53:05] GET /rooms/2/bookings → 200 (13ms)
[2026-07-12 21:53:43] POST /bookings → 201 (21ms)
[2026-07-12 21:53:45] GET /rooms → 200 (3ms)
[2026-07-12 21:53:45] GET /rooms/1/bookings → 200 (4ms)
[2026-07-12 21:53:45] GET /rooms/2/bookings → 200 (5ms)
[2026-07-12 21:55:26] POST /bookings → 201 (12ms)
[2026-07-12 21:55:28] GET /rooms → 200 (4ms)
[2026-07-12 21:55:28] GET /rooms/1/bookings → 200 (4ms)
[2026-07-12 21:55:28] GET /rooms/2/bookings → 200 (5ms)
[2026-07-13 00:59:32] GET /docs → 200 (2ms)
[2026-07-13 00:59:33] GET /openapi.json → 200 (336ms)
[2026-07-13 01:00:08] GET / → 200 (379ms)
[2026-07-13 01:00:09] GET /rooms → 200 (15ms)
[2026-07-13 01:00:38] GET /docs → 200 (0ms)
[2026-07-13 01:00:39] GET /openapi.json → 200 (53ms)
[2026-07-13 01:39:44] GET / → 200 (627ms)
[2026-07-13 01:39:45] GET /rooms → 200 (87ms)
[2026-07-13 01:40:09] GET /docs → 200 (1ms)
[2026-07-13 01:40:10] GET /openapi.json → 200 (53ms)
[2026-07-13 02:12:26] POST /rooms → 201 (26ms)
[2026-07-13 02:12:26] GET /rooms → 200 (6ms)
[2026-07-13 02:12:26] POST /rooms → 201 (12ms)
[2026-07-13 02:12:26] POST /bookings → 201 (24ms)
[2026-07-13 02:12:26] POST /rooms → 201 (10ms)
[2026-07-13 02:12:26] POST /bookings → 201 (13ms)
[2026-07-13 02:12:26] POST /bookings → 409 (6ms)
[2026-07-13 02:12:26] POST /rooms → 201 (9ms)
[2026-07-13 02:12:26] POST /bookings → 201 (14ms)
[2026-07-13 02:12:26] DELETE /bookings/3 → 200 (10ms)
[2026-07-13 02:12:26] POST /rooms → 201 (10ms)
[2026-07-13 02:12:26] POST /rooms → 201 (12ms)
[2026-07-13 02:12:26] GET /rooms → 200 (5ms)
[2026-07-13 02:12:26] POST /bookings → 201 (11ms)
[2026-07-13 02:12:26] GET /rooms/available → 422 (4ms)
[2026-07-13 02:12:26] GET /rooms/99999 → 404 (5ms)
[2026-07-13 02:18:16] POST /rooms → 201 (23ms)
[2026-07-13 02:18:16] GET /rooms → 200 (6ms)
[2026-07-13 02:18:16] POST /rooms → 201 (12ms)
[2026-07-13 02:18:16] POST /bookings → 201 (20ms)
[2026-07-13 02:18:16] POST /rooms → 201 (11ms)
[2026-07-13 02:18:16] POST /bookings → 201 (12ms)
[2026-07-13 02:18:16] POST /bookings → 409 (6ms)
[2026-07-13 02:18:16] POST /rooms → 201 (12ms)
[2026-07-13 02:18:16] POST /bookings → 201 (13ms)
[2026-07-13 02:18:16] DELETE /bookings/7 → 200 (13ms)
[2026-07-13 02:18:16] POST /rooms → 201 (13ms)
[2026-07-13 02:18:16] POST /rooms → 201 (10ms)
[2026-07-13 02:18:16] GET /rooms → 200 (4ms)
[2026-07-13 02:18:16] POST /bookings → 201 (13ms)
[2026-07-13 02:18:16] GET /rooms/available → 422 (3ms)
[2026-07-13 02:18:17] GET /rooms/99999 → 404 (3ms)
[2026-07-13 02:22:16] POST /rooms → 201 (21ms)
[2026-07-13 02:22:16] GET /rooms → 200 (7ms)
[2026-07-13 02:22:16] POST /rooms → 201 (11ms)
[2026-07-13 02:22:16] POST /bookings → 201 (18ms)
[2026-07-13 02:22:16] POST /rooms → 201 (9ms)
[2026-07-13 02:22:16] POST /bookings → 201 (11ms)
[2026-07-13 02:22:16] POST /bookings → 409 (4ms)
[2026-07-13 02:22:16] POST /rooms → 201 (10ms)
[2026-07-13 02:22:16] POST /bookings → 201 (12ms)
[2026-07-13 02:22:16] DELETE /bookings/11 → 200 (10ms)
[2026-07-13 02:22:16] POST /rooms → 201 (14ms)
[2026-07-13 02:22:16] POST /rooms → 201 (12ms)
[2026-07-13 02:22:16] GET /rooms → 200 (4ms)
[2026-07-13 02:22:16] POST /bookings → 201 (11ms)
[2026-07-13 02:22:16] GET /rooms/available → 422 (3ms)
[2026-07-13 02:22:17] GET /rooms/99999 → 404 (5ms)
[2026-07-13 02:25:22] POST /rooms → 201 (20ms)
[2026-07-13 02:25:22] POST /rooms → 201 (9ms)
[2026-07-13 02:25:22] GET /rooms → 200 (5ms)
[2026-07-13 02:25:22] POST /bookings → 201 (18ms)
[2026-07-13 02:25:22] GET /rooms/available → 422 (3ms)
[2026-07-13 02:29:25] POST /rooms → 201 (20ms)
[2026-07-13 02:29:25] GET /rooms → 200 (5ms)
[2026-07-13 02:29:25] POST /rooms → 201 (10ms)
[2026-07-13 02:29:25] POST /bookings → 201 (17ms)
[2026-07-13 02:29:25] POST /rooms → 201 (9ms)
[2026-07-13 02:29:25] POST /bookings → 201 (12ms)
[2026-07-13 02:29:25] POST /bookings → 409 (5ms)
[2026-07-13 02:29:25] POST /rooms → 201 (9ms)
[2026-07-13 02:29:25] POST /bookings → 201 (11ms)
[2026-07-13 02:29:25] DELETE /bookings/16 → 200 (10ms)
[2026-07-13 02:29:25] POST /rooms → 201 (10ms)
[2026-07-13 02:29:25] POST /rooms → 201 (9ms)
[2026-07-13 02:29:25] GET /rooms → 200 (3ms)
[2026-07-13 02:29:25] POST /bookings → 201 (13ms)
[2026-07-13 02:29:25] GET /rooms/available → 422 (2ms)
[2026-07-13 02:29:26] GET /rooms/99999 → 404 (3ms)
[2026-07-13 02:43:36] GET / → 200 (554ms)
[2026-07-13 02:43:38] GET /rooms → 200 (67ms)
[2026-07-13 02:44:06] DELETE /rooms/1 → 200 (18ms)
[2026-07-13 02:44:06] GET /rooms → 200 (10ms)
[2026-07-13 02:44:08] DELETE /rooms/2 → 200 (13ms)
[2026-07-13 02:44:08] GET /rooms → 200 (3ms)
[2026-07-13 02:44:13] DELETE /rooms/3 → 200 (7ms)
[2026-07-13 02:44:13] GET /rooms → 200 (3ms)
[2026-07-13 02:44:18] GET / → 200 (2ms)
[2026-07-13 02:44:18] GET /rooms → 200 (10ms)
[2026-07-13 02:44:27] DELETE /rooms/4 → 200 (9ms)
[2026-07-13 02:44:27] GET /rooms → 200 (6ms)
[2026-07-13 02:44:30] DELETE /rooms/5 → 200 (27ms)
[2026-07-13 02:44:30] GET /rooms → 200 (13ms)
[2026-07-13 02:44:31] DELETE /rooms/5 → 404 (20ms)
[2026-07-13 02:44:33] DELETE /rooms/6 → 200 (51ms)
[2026-07-13 02:44:33] GET /rooms → 200 (60ms)
[2026-07-13 02:44:34] DELETE /rooms/7 → 200 (14ms)
[2026-07-13 02:44:34] GET /rooms → 200 (5ms)
[2026-07-13 02:44:36] DELETE /rooms/8 → 200 (14ms)
[2026-07-13 02:44:36] GET /rooms → 200 (4ms)
[2026-07-13 02:44:37] DELETE /rooms/9 → 200 (9ms)
[2026-07-13 02:44:37] GET /rooms → 200 (8ms)
[2026-07-13 02:52:42] POST /rooms → 201 (24ms)
[2026-07-13 02:52:42] GET /rooms → 200 (7ms)
[2026-07-13 02:52:42] POST /rooms → 201 (11ms)
[2026-07-13 02:52:42] POST /bookings → 201 (22ms)
[2026-07-13 02:52:42] POST /rooms → 201 (13ms)
[2026-07-13 02:52:42] POST /bookings → 201 (12ms)
[2026-07-13 02:52:42] POST /bookings → 409 (5ms)
[2026-07-13 02:52:42] POST /rooms → 201 (11ms)
[2026-07-13 02:52:42] POST /bookings → 201 (12ms)
[2026-07-13 02:52:42] DELETE /bookings/1 → 200 (30ms)
[2026-07-13 02:52:42] POST /rooms → 201 (10ms)
[2026-07-13 02:52:42] POST /rooms → 201 (10ms)
[2026-07-13 02:52:43] POST /bookings → 201 (11ms)
[2026-07-13 02:52:43] GET /rooms/available → 422 (4ms)
[2026-07-13 02:52:43] GET /rooms/99999 → 404 (5ms)
[2026-07-13 03:05:22] POST /rooms → 201 (19ms)
[2026-07-13 03:05:22] GET /rooms → 200 (5ms)
[2026-07-13 03:05:22] POST /rooms → 201 (9ms)
[2026-07-13 03:05:22] POST /bookings → 201 (16ms)
[2026-07-13 03:05:22] POST /rooms → 201 (9ms)
[2026-07-13 03:05:22] POST /bookings → 201 (11ms)
[2026-07-13 03:05:22] POST /bookings → 409 (5ms)
[2026-07-13 03:05:22] POST /rooms → 201 (12ms)
[2026-07-13 03:05:22] POST /bookings → 201 (13ms)
[2026-07-13 03:05:22] DELETE /bookings/1 → 200 (32ms)
[2026-07-13 03:05:22] POST /rooms → 201 (11ms)
[2026-07-13 03:05:23] POST /rooms → 201 (10ms)
[2026-07-13 03:05:23] POST /bookings → 201 (11ms)
[2026-07-13 03:05:23] GET /rooms/available → 422 (3ms)
[2026-07-13 03:05:23] GET /rooms/99999 → 404 (5ms)
[2026-07-13 03:07:08] POST /rooms → 201 (22ms)
[2026-07-13 03:07:08] GET /rooms → 200 (6ms)
[2026-07-13 03:07:08] POST /rooms → 201 (12ms)
[2026-07-13 03:07:08] POST /bookings → 201 (20ms)
[2026-07-13 03:07:08] POST /rooms → 201 (11ms)
[2026-07-13 03:07:08] POST /bookings → 201 (14ms)
[2026-07-13 03:07:08] POST /bookings → 409 (7ms)
[2026-07-13 03:07:08] POST /rooms → 201 (10ms)
[2026-07-13 03:07:08] POST /bookings → 201 (15ms)
[2026-07-13 03:07:08] DELETE /bookings/1 → 200 (12ms)
[2026-07-13 03:07:08] GET /rooms/99999 → 404 (5ms)
